./run-proc-vs-map.sh --nsamples 24 -- --busyduration 1
Running ./run-proc-vs-map.sh --nsamples 24 -- --busyduration 1

          Average mmap()/munmap()
           latency (milliseconds)
         --------------------------
#Busy    Median   Minimum   Maximum #Hangs
    0     0.004     0.004     0.688       
    1     0.007     0.006     4.047       
    2     0.008     0.007     3.997       

./run-proc-vs-map.sh --nsamples 24 -- --busyduration 2
Running ./run-proc-vs-map.sh --nsamples 24 -- --busyduration 2

          Average mmap()/munmap()
           latency (milliseconds)
         --------------------------
#Busy    Median   Minimum   Maximum #Hangs
    0     0.005     0.005     0.637       
    1     0.007     0.006     3.495       
    2     0.008     0.008     4.185       

./run-proc-vs-map.sh --nsamples 24 -- --busyduration 5
Running ./run-proc-vs-map.sh --nsamples 24 -- --busyduration 5

          Average mmap()/munmap()
           latency (milliseconds)
         --------------------------
#Busy    Median   Minimum   Maximum #Hangs
    0     0.005     0.005     0.446       
    1     0.007     0.006     3.803       
    2     0.009     0.008     4.101       

./run-proc-vs-map.sh --nsamples 24 -- --busyduration 10
Running ./run-proc-vs-map.sh --nsamples 24 -- --busyduration 10

          Average mmap()/munmap()
           latency (milliseconds)
         --------------------------
#Busy    Median   Minimum   Maximum #Hangs
    0     0.005     0.005     3.351       
    1     0.007     0.006     3.804       
    2     0.008     0.008     3.997       

